#
# A fatal error has been detected by the Java Runtime Environment:
#
#  Internal Error (os_linux_zero.cpp:254), pid=21365, tid=0x767ae470
#  fatal error: caught unhandled signal 11
#
# JRE version:  (8.0_92-b14) (build )
# Java VM: OpenJDK Zero VM (25.92-b14 interpreted mode linux-arm )
# Core dump written. Default location: /home/alarm/offlinemcs/core or core.21365
#
# If you would like to submit a bug report, please visit:
#   http://bugreport.java.com/bugreport/crash.jsp
#

---------------  T H R E A D  ---------------

Current thread (0x765055f0):  JavaThread "Unknown thread" [_thread_in_Java, id=21366, stack(0x76630000,0x767af000)]

Stack: [0x76630000,0x767af000],  sp=0x766f1c7c,  free space=775k
Java frames:
 0x767ad89c: stack_word[0]         = 0x65c00b40
 0x767ad8a0: istate->_thread       = 0x765055f0
 0x767ad8a4: istate->_bcp          = 0x657062fa (bci 2)
 0x767ad8a8: istate->_locals       = 0x767ad8e8
 0x767ad8ac: istate->_constants    = 0x65770188
 0x767ad8b0: istate->_method       = java.lang.Throwable.<clinit>()V
 0x767ad8b4: istate->_mdx          = 0x00000000
 0x767ad8b8: istate->_stack        = 0x767ad898
 0x767ad8bc: istate->_msg          = 0x00000008
 0x767ad8c0: istate->_result       = 0x656fd808
 0x767ad8c4: (istate->_result)     = 0x00000000
 0x767ad8c8: (istate->_result)     = 0x00000003
 0x767ad8cc: istate->_prev_link    = 0x00000000
 0x767ad8d0: istate->_oop_temp     = 0x00000000
 0x767ad8d4: istate->_stack_base   = 0x767ad8a0
 0x767ad8d8: istate->_stack_limit  = 0x767ad88c
 0x767ad8dc: istate->_monitor_base = 0x767ad8a0
 0x767ad8e0: istate->_self_link    = 0x767ad8a0
 0x767ad8e4: frame_type            = INTERPRETER_FRAME
 0x767ad8e8: next_frame            = 0x767ad8f4

 0x767ad8ec: call_wrapper          = 0x766f2310
 0x767ad8f0: frame_type            = ENTRY_FRAME
 0x767ad8f4: next_frame            = 0x767ad944

 0x767ad8f8: local[0]              = 0x00000000
 0x767ad8fc: istate->_thread       = 0x765055f0
 0x767ad900: istate->_bcp          = 0x656f1b20 (bci 0)
 0x767ad904: istate->_locals       = 0x767ad948
 0x767ad908: istate->_constants    = 0x657700c0
 0x767ad90c: istate->_method       = java.lang.Object.<init>()V
 0x767ad910: istate->_mdx          = 0x00000000
 0x767ad914: istate->_stack        = 0x767ad8f8
 0x767ad918: istate->_msg          = 0x00000002
 0x767ad91c: istate->_result       = 0x00000000
 0x767ad920: (istate->_result)     = 0x767ad8e4
 0x767ad924: (istate->_result)     = 0x767ad8e4
 0x767ad928: istate->_prev_link    = 0x00000000
 0x767ad92c: istate->_oop_temp     = 0x00000000
 0x767ad930: istate->_stack_base   = 0x767ad8fc
 0x767ad934: istate->_stack_limit  = 0x767ad8f4
 0x767ad938: istate->_monitor_base = 0x767ad8fc
 0x767ad93c: istate->_self_link    = 0x767ad8fc
 0x767ad940: frame_type            = INTERPRETER_FRAME
 0x767ad944: next_frame            = 0x767ad994

 0x767ad948: local[0]              = 0x65c04ce8
 0x767ad94c: istate->_thread       = 0x765055f0
 0x767ad950: istate->_bcp          = 0x65775481 (bci 1)
 0x767ad954: istate->_locals       = 0x767ad998
 0x767ad958: istate->_constants    = 0x65775c00
 0x767ad95c: istate->_method       = java.lang.String$CaseInsensitiveComparator.<init>()V
 0x767ad960: istate->_mdx          = 0x00000000
 0x767ad964: istate->_stack        = 0x767ad944
 0x767ad968: istate->_msg          = 0x00000008
 0x767ad96c: istate->_result       = 0x656f1b28
 0x767ad970: (istate->_result)     = 0x74492140
 0x767ad974: (istate->_result)     = 0x00000003
 0x767ad978: istate->_prev_link    = 0x00000000
 0x767ad97c: istate->_oop_temp     = 0x00000000
 0x767ad980: istate->_stack_base   = 0x767ad94c
 0x767ad984: istate->_stack_limit  = 0x767ad940
 0x767ad988: istate->_monitor_base = 0x767ad94c
 0x767ad98c: istate->_self_link    = 0x767ad94c
 0x767ad990: frame_type            = INTERPRETER_FRAME
 0x767ad994: next_frame            = 0x767ad9e4

 0x767ad998: local[0]              = 0x65c04ce8
 0x767ad99c: istate->_thread       = 0x765055f0
 0x767ad9a0: istate->_bcp          = 0x657756a1 (bci 1)
 0x767ad9a4: istate->_locals       = 0x767ad9ec
 0x767ad9a8: istate->_constants    = 0x65775c00
 0x767ad9ac: istate->_method       = java.lang.String$CaseInsensitiveComparator.<init>(Ljava/lang/String$1;)V
 0x767ad9b0: istate->_mdx          = 0x00000000
 0x767ad9b4: istate->_stack        = 0x767ad994
 0x767ad9b8: istate->_msg          = 0x00000008
 0x767ad9bc: istate->_result       = 0x65775490
 0x767ad9c0: (istate->_result)     = 0x74492140
 0x767ad9c4: (istate->_result)     = 0x00000003
 0x767ad9c8: istate->_prev_link    = 0x00000000
 0x767ad9cc: istate->_oop_temp     = 0x00000000
 0x767ad9d0: istate->_stack_base   = 0x767ad99c
 0x767ad9d4: istate->_stack_limit  = 0x767ad990
 0x767ad9d8: istate->_monitor_base = 0x767ad99c
 0x767ad9dc: istate->_self_link    = 0x767ad99c
 0x767ad9e0: frame_type            = INTERPRETER_FRAME
 0x767ad9e4: next_frame            = 0x767ada3c

 0x767ad9e8: local[2]              = 0x00000000
 0x767ad9ec: local[1]              = 0x65c04ce8
 0x767ad9f0: local[0]              = 0x65c04ce8
 0x767ad9f4: istate->_thread       = 0x765055f0
 0x767ad9f8: istate->_bcp          = 0x656f70d4 (bci 12)
 0x767ad9fc: istate->_locals       = 0x767ada3c
 0x767ada00: istate->_constants    = 0x65772350
 0x767ada04: istate->_method       = java.lang.String.<clinit>()V
 0x767ada08: istate->_mdx          = 0x00000000
 0x767ada0c: istate->_stack        = 0x767ad9e4
 0x767ada10: istate->_msg          = 0x00000008
 0x767ada14: istate->_result       = 0x657756b0
 0x767ada18: (istate->_result)     = 0x74492140
 0x767ada1c: (istate->_result)     = 0x00000003
 0x767ada20: istate->_prev_link    = 0x00000000
 0x767ada24: istate->_oop_temp     = 0x00000000
 0x767ada28: istate->_stack_base   = 0x767ad9f4
 0x767ada2c: istate->_stack_limit  = 0x767ad9e0
 0x767ada30: istate->_monitor_base = 0x767ad9f4
 0x767ada34: istate->_self_link    = 0x767ad9f4
 0x767ada38: frame_type            = INTERPRETER_FRAME
 0x767ada3c: next_frame            = 0x767ada48

 0x767ada40: call_wrapper          = 0x767adaf0
 0x767ada44: frame_type            = ENTRY_FRAME
 0x767ada48: next_frame            = 0x00000000


---------------  P R O C E S S  ---------------

Java Threads: ( => current thread )
=>0x765055f0 JavaThread "Unknown thread" [_thread_in_Java, id=21366, stack(0x76630000,0x767af000)]

Other Threads:
  0x7655a7a0 VMThread [stack: 0x653fd000,0x6547c000] [id=21367]

VM state:not at safepoint (normal execution)

VM Mutex/Monitor currently owned by a thread: None

Heap:
 def new generation   total 4928K, used 19K [0x65c00000, 0x66150000, 0x6a950000)
  eden space 4416K,   0% used [0x65c00000, 0x65c04db0, 0x66050000)
  from space 512K,   0% used [0x66050000, 0x66050000, 0x660d0000)
  to   space 512K,   0% used [0x660d0000, 0x660d0000, 0x66150000)
 tenured generation   total 10944K, used 0K [0x6a950000, 0x6b400000, 0x74400000)
   the space 10944K,   0% used [0x6a950000, 0x6a950000, 0x6a950200, 0x6b400000)
 Metaspace       used 532K, capacity 2200K, committed 2200K, reserved 4400K

Card table byte_map: [0x65b8b000,0x65c00000] byte_map_base: 0x6585d000

Polling page: 0x76fa3000

CodeCache: size=32768Kb used=67Kb max_used=67Kb free=32700Kb
 bounds [0x74492000, 0x744ba000, 0x76492000]
 total_blobs=38 nmethods=0 adapters=31
 compilation: disabled (interpreter mode)

Compilation events (0 events):
No events

GC Heap History (0 events):
No events

Deoptimization events (0 events):
No events

Internal exceptions (0 events):
No events

Events (10 events):
Event: 0.076 loading class java/lang/ArithmeticException done
Event: 0.079 Thread 0x765055f0 Thread added: 0x765055f0
Event: 0.081 loading class java/io/ObjectStreamField
Event: 0.081 loading class java/io/ObjectStreamField done
Event: 0.081 loading class java/lang/String$CaseInsensitiveComparator
Event: 0.081 loading class java/util/Comparator
Event: 0.082 loading class java/util/Comparator done
Event: 0.082 loading class java/lang/String$CaseInsensitiveComparator done
Event: 0.082 loading class java/lang/InternalError
Event: 0.083 loading class java/lang/InternalError done


Dynamic libraries:
00010000-00011000 r-xp 00000000 b3:02 35790      /usr/lib/jvm/java-8-openjdk/jre/bin/java
00020000-00021000 rw-p 00000000 b3:02 35790      /usr/lib/jvm/java-8-openjdk/jre/bin/java
01ea6000-01ec7000 rw-p 00000000 00:00 0          [heap]
65200000-65221000 rw-p 00000000 00:00 0 
65221000-65300000 ---p 00000000 00:00 0 
653fc000-653fd000 ---p 00000000 00:00 0 
653fd000-654c9000 rw-p 00000000 00:00 0          [stack:21367]
654c9000-65696000 r--s 03bec000 b3:02 35709      /usr/lib/jvm/java-8-openjdk/jre/lib/rt.jar
65696000-65917000 rw-p 00000000 00:00 0 
65917000-65b3d000 ---p 00000000 00:00 0 
65b3d000-65b43000 rw-p 00000000 00:00 0 
65b43000-65b8b000 ---p 00000000 00:00 0 
65b8b000-65b8e000 rw-p 00000000 00:00 0 
65b8e000-65bb1000 ---p 00000000 00:00 0 
65bb1000-65bb7000 rw-p 00000000 00:00 0 
65bb7000-65bff000 ---p 00000000 00:00 0 
65bff000-66150000 rw-p 00000000 00:00 0 
66150000-6a950000 ---p 00000000 00:00 0 
6a950000-6b400000 rw-p 00000000 00:00 0 
6b400000-74400000 ---p 00000000 00:00 0 
74412000-74413000 rw-p 00000000 00:00 0 
74413000-74492000 ---p 00000000 00:00 0 
74492000-744ba000 rwxp 00000000 00:00 0 
744ba000-76492000 ---p 00000000 00:00 0 
76492000-7649c000 r-xp 00000000 b3:02 1261       /usr/lib/libnss_files-2.23.so
7649c000-764ab000 ---p 0000a000 b3:02 1261       /usr/lib/libnss_files-2.23.so
764ab000-764ac000 r--p 00009000 b3:02 1261       /usr/lib/libnss_files-2.23.so
764ac000-764ad000 rw-p 0000a000 b3:02 1261       /usr/lib/libnss_files-2.23.so
764ad000-764b3000 rw-p 00000000 00:00 0 
764b3000-764d5000 r-xp 00000000 b3:02 35738      /usr/lib/jvm/java-8-openjdk/jre/lib/arm/libjava.so
764d5000-764e5000 ---p 00022000 b3:02 35738      /usr/lib/jvm/java-8-openjdk/jre/lib/arm/libjava.so
764e5000-764e6000 rw-p 00022000 b3:02 35738      /usr/lib/jvm/java-8-openjdk/jre/lib/arm/libjava.so
764e6000-764ef000 r-xp 00000000 b3:02 35759      /usr/lib/jvm/java-8-openjdk/jre/lib/arm/libverify.so
764ef000-764ff000 ---p 00009000 b3:02 35759      /usr/lib/jvm/java-8-openjdk/jre/lib/arm/libverify.so
764ff000-76500000 rw-p 00009000 b3:02 35759      /usr/lib/jvm/java-8-openjdk/jre/lib/arm/libverify.so
76500000-7655c000 rw-p 00000000 00:00 0 
7655c000-76600000 ---p 00000000 00:00 0 
76601000-76608000 r-xp 00000000 b3:02 35765      /usr/lib/jvm/java-8-openjdk/jre/lib/arm/libzip.so
76608000-76617000 ---p 00007000 b3:02 35765      /usr/lib/jvm/java-8-openjdk/jre/lib/arm/libzip.so
76617000-76618000 rw-p 00006000 b3:02 35765      /usr/lib/jvm/java-8-openjdk/jre/lib/arm/libzip.so
76618000-7661e000 r-xp 00000000 b3:02 1300       /usr/lib/librt-2.23.so
7661e000-7662d000 ---p 00006000 b3:02 1300       /usr/lib/librt-2.23.so
7662d000-7662e000 r--p 00005000 b3:02 1300       /usr/lib/librt-2.23.so
7662e000-7662f000 rw-p 00006000 b3:02 1300       /usr/lib/librt-2.23.so
7662f000-76633000 ---p 00000000 00:00 0 
76633000-767af000 rw-p 00000000 00:00 0          [stack:21366]
767af000-767b6000 r-xp 00000000 b3:02 19625      /usr/lib/libffi.so.6.0.4
767b6000-767bd000 ---p 00007000 b3:02 19625      /usr/lib/libffi.so.6.0.4
767bd000-767be000 r--p 00006000 b3:02 19625      /usr/lib/libffi.so.6.0.4
767be000-767bf000 rw-p 00007000 b3:02 19625      /usr/lib/libffi.so.6.0.4
767bf000-7682e000 r-xp 00000000 b3:02 1252       /usr/lib/libm-2.23.so
7682e000-7683d000 ---p 0006f000 b3:02 1252       /usr/lib/libm-2.23.so
7683d000-7683e000 r--p 0006e000 b3:02 1252       /usr/lib/libm-2.23.so
7683e000-7683f000 rw-p 0006f000 b3:02 1252       /usr/lib/libm-2.23.so
7683f000-76d52000 r-xp 00000000 b3:02 35770      /usr/lib/jvm/java-8-openjdk/jre/lib/arm/server/libjvm.so
76d52000-76d62000 ---p 00513000 b3:02 35770      /usr/lib/jvm/java-8-openjdk/jre/lib/arm/server/libjvm.so
76d62000-76d80000 rw-p 00513000 b3:02 35770      /usr/lib/jvm/java-8-openjdk/jre/lib/arm/server/libjvm.so
76d80000-76d90000 rw-p 00000000 00:00 0 
76d90000-76dac000 r-xp 00000000 b3:02 19687      /usr/lib/libgcc_s.so.1
76dac000-76dbb000 ---p 0001c000 b3:02 19687      /usr/lib/libgcc_s.so.1
76dbb000-76dbc000 rw-p 0001b000 b3:02 19687      /usr/lib/libgcc_s.so.1
76dbc000-76ee2000 r-xp 00000000 b3:02 1285       /usr/lib/libc-2.23.so
76ee2000-76ef2000 ---p 00126000 b3:02 1285       /usr/lib/libc-2.23.so
76ef2000-76ef4000 r--p 00126000 b3:02 1285       /usr/lib/libc-2.23.so
76ef4000-76ef5000 rw-p 00128000 b3:02 1285       /usr/lib/libc-2.23.so
76ef5000-76ef8000 rw-p 00000000 00:00 0 
76ef8000-76efc000 r-xp 00000000 b3:02 1309       /usr/lib/libdl-2.23.so
76efc000-76f0b000 ---p 00004000 b3:02 1309       /usr/lib/libdl-2.23.so
76f0b000-76f0c000 r--p 00003000 b3:02 1309       /usr/lib/libdl-2.23.so
76f0c000-76f0d000 rw-p 00004000 b3:02 1309       /usr/lib/libdl-2.23.so
76f0d000-76f19000 r-xp 00000000 b3:02 35769      /usr/lib/jvm/java-8-openjdk/jre/lib/arm/jli/libjli.so
76f19000-76f29000 ---p 0000c000 b3:02 35769      /usr/lib/jvm/java-8-openjdk/jre/lib/arm/jli/libjli.so
76f29000-76f2a000 rw-p 0000c000 b3:02 35769      /usr/lib/jvm/java-8-openjdk/jre/lib/arm/jli/libjli.so
76f2a000-76f3c000 r-xp 00000000 b3:02 19642      /usr/lib/libz.so.1.2.8
76f3c000-76f4b000 ---p 00012000 b3:02 19642      /usr/lib/libz.so.1.2.8
76f4b000-76f4c000 r--p 00011000 b3:02 19642      /usr/lib/libz.so.1.2.8
76f4c000-76f4d000 rw-p 00012000 b3:02 19642      /usr/lib/libz.so.1.2.8
76f4d000-76f63000 r-xp 00000000 b3:02 1276       /usr/lib/libpthread-2.23.so
76f63000-76f72000 ---p 00016000 b3:02 1276       /usr/lib/libpthread-2.23.so
76f72000-76f73000 r--p 00015000 b3:02 1276       /usr/lib/libpthread-2.23.so
76f73000-76f74000 rw-p 00016000 b3:02 1276       /usr/lib/libpthread-2.23.so
76f74000-76f76000 rw-p 00000000 00:00 0 
76f76000-76f96000 r-xp 00000000 b3:02 96         /usr/lib/ld-2.23.so
76f98000-76f9a000 rw-p 00000000 00:00 0 
76f9b000-76fa3000 rw-s 00000000 00:1f 119326     /tmp/hsperfdata_root/21365
76fa3000-76fa4000 r--p 00000000 00:00 0 
76fa4000-76fa5000 rw-p 00000000 00:00 0 
76fa5000-76fa6000 r--p 0001f000 b3:02 96         /usr/lib/ld-2.23.so
76fa6000-76fa7000 rw-p 00020000 b3:02 96         /usr/lib/ld-2.23.so
7eeff000-7ef20000 rw-p 00000000 00:00 0          [stack]
7ef80000-7ef81000 r-xp 00000000 00:00 0          [sigpage]
7ef81000-7ef82000 r--p 00000000 00:00 0          [vvar]
7ef82000-7ef83000 r-xp 00000000 00:00 0          [vdso]
ffff0000-ffff1000 r-xp 00000000 00:00 0          [vectors]

VM Arguments:
java_command: <unknown>
java_class_path (initial): .
Launcher Type: SUN_STANDARD

Environment Variables:
PATH=/usr/local/sbin:/usr/local/bin:/usr/bin:/usr/bin/site_perl:/usr/bin/vendor_perl:/usr/bin/core_perl
SHELL=/bin/bash

Signal Handlers:
SIGSEGV: [libjvm.so+0x49b8c4], sa_mask[0]=11111111011111111101111111111110, sa_flags=SA_RESTART|SA_SIGINFO
SIGBUS: [libjvm.so+0x49b8c4], sa_mask[0]=11111111011111111101111111111110, sa_flags=SA_RESTART|SA_SIGINFO
SIGFPE: [libjvm.so+0x3a82e8], sa_mask[0]=11111111011111111101111111111110, sa_flags=SA_RESTART|SA_SIGINFO
SIGPIPE: [libjvm.so+0x3a82e8], sa_mask[0]=11111111011111111101111111111110, sa_flags=SA_RESTART|SA_SIGINFO
SIGXFSZ: [libjvm.so+0x3a82e8], sa_mask[0]=11111111011111111101111111111110, sa_flags=SA_RESTART|SA_SIGINFO
SIGILL: [libjvm.so+0x3a82e8], sa_mask[0]=11111111011111111101111111111110, sa_flags=SA_RESTART|SA_SIGINFO
SIGUSR1: SIG_DFL, sa_mask[0]=00000000000000000000000000000000, sa_flags=none
SIGUSR2: [libjvm.so+0x3a81b8], sa_mask[0]=00000000000000000000000000000000, sa_flags=SA_RESTART|SA_SIGINFO
SIGHUP: SIG_DFL, sa_mask[0]=00000000000000000000000000000000, sa_flags=none
SIGINT: SIG_DFL, sa_mask[0]=00000000000000000000000000000000, sa_flags=none
SIGTERM: SIG_DFL, sa_mask[0]=00000000000000000000000000000000, sa_flags=none
SIGQUIT: SIG_DFL, sa_mask[0]=00000000000000000000000000000000, sa_flags=none


---------------  S Y S T E M  ---------------

OS:NAME="Arch Linux ARM"
ID=archarm
ID_LIKE=arch
PRETTY_NAME="Arch Linux ARM"
ANSI_COLOR="0;36"
HOME_URL="http://archlinuxarm.org/"
SUPPORT_URL="https://archlinuxarm.org/forum"
BUG_REPORT_URL="https://github.com/archlinuxarm/PKGBUILDs/issues"


uname:Linux 4.4.11-3-ARCH #1 SMP Wed May 25 18:50:04 MDT 2016 armv7l
libc:glibc 2.23 NPTL 2.23 
rlimit: STACK 8192k, CORE infinity, NPROC 7310, NOFILE 4096, AS infinity
load average:1.35 0.91 0.48

/proc/meminfo:
MemTotal:         944400 kB
MemFree:          105952 kB
MemAvailable:     873560 kB
Buffers:           53868 kB
Cached:           669852 kB
SwapCached:            0 kB
Active:           234272 kB
Inactive:         517716 kB
Active(anon):      28592 kB
Inactive(anon):      664 kB
Active(file):     205680 kB
Inactive(file):   517052 kB
Unevictable:           0 kB
Mlocked:               0 kB
SwapTotal:             0 kB
SwapFree:              0 kB
Dirty:                24 kB
Writeback:             0 kB
AnonPages:         28312 kB
Mapped:            31320 kB
Shmem:               984 kB
Slab:              69304 kB
SReclaimable:      59372 kB
SUnreclaim:         9932 kB
KernelStack:        1184 kB
PageTables:          944 kB
NFS_Unstable:          0 kB
Bounce:                0 kB
WritebackTmp:          0 kB
CommitLimit:      472200 kB
Committed_AS:      85672 kB
VmallocTotal:    1114112 kB
VmallocUsed:           0 kB
VmallocChunk:          0 kB
CmaTotal:           8192 kB
CmaFree:            3732 kB


CPU:total 4 

/proc/cpuinfo:
processor	: 0
model name	: ARMv7 Processor rev 4 (v7l)
BogoMIPS	: 38.40
Features	: half thumb fastmult vfp edsp neon vfpv3 tls vfpv4 idiva idivt vfpd32 lpae evtstrm crc32 
CPU implementer	: 0x41
CPU architecture: 7
CPU variant	: 0x0
CPU part	: 0xd03
CPU revision	: 4

processor	: 1
model name	: ARMv7 Processor rev 4 (v7l)
BogoMIPS	: 38.40
Features	: half thumb fastmult vfp edsp neon vfpv3 tls vfpv4 idiva idivt vfpd32 lpae evtstrm crc32 
CPU implementer	: 0x41
CPU architecture: 7
CPU variant	: 0x0
CPU part	: 0xd03
CPU revision	: 4

processor	: 2
model name	: ARMv7 Processor rev 4 (v7l)
BogoMIPS	: 38.40
Features	: half thumb fastmult vfp edsp neon vfpv3 tls vfpv4 idiva idivt vfpd32 lpae evtstrm crc32 
CPU implementer	: 0x41
CPU architecture: 7
CPU variant	: 0x0
CPU part	: 0xd03
CPU revision	: 4

processor	: 3
model name	: ARMv7 Processor rev 4 (v7l)
BogoMIPS	: 38.40
Features	: half thumb fastmult vfp edsp neon vfpv3 tls vfpv4 idiva idivt vfpd32 lpae evtstrm crc32 
CPU implementer	: 0x41
CPU architecture: 7
CPU variant	: 0x0
CPU part	: 0xd03
CPU revision	: 4

Hardware	: BCM2709
Revision	: a22082
Serial		: 00000000348f98ca


Memory: 4k page, physical 944400k(105952k free), swap 0k(0k free)

vm_info: OpenJDK Zero VM (25.92-b14) for linux-arm JRE (1.8.0_92-b14), built on Apr 24 2016 11:02:03 by "builduser" with gcc 5.3.0

time: Fri Jun 17 12:47:45 2016
elapsed time: 0 seconds (0d 0h 0m 0s)

